<?xml version="1.0" encoding="UTF-8"?>
<testng-results skipped="0" failed="0" total="2" passed="2">
  <reporter-output>
  </reporter-output>
  <suite name="Default suite" duration-ms="63" started-at="2018-02-08T12:54:40Z" finished-at="2018-02-08T12:54:40Z">
    <groups>
    </groups>
    <test name="Default test" duration-ms="63" started-at="2018-02-08T12:54:40Z" finished-at="2018-02-08T12:54:40Z">
      <class name="demolesson.Demo1">
        <test-method status="PASS" signature="test()[pri:0, instance:demolesson.Demo1@66d2e7d9]" name="test" duration-ms="31" started-at="2018-02-08T04:54:40Z" finished-at="2018-02-08T04:54:40Z">
          <reporter-output>
          </reporter-output>
        </test-method> <!-- test -->
        <test-method status="PASS" signature="test1()[pri:0, instance:demolesson.Demo1@66d2e7d9]" name="test1" duration-ms="0" started-at="2018-02-08T04:54:40Z" finished-at="2018-02-08T04:54:40Z">
          <reporter-output>
          </reporter-output>
        </test-method> <!-- test1 -->
      </class> <!-- demolesson.Demo1 -->
    </test> <!-- Default test -->
  </suite> <!-- Default suite -->
</testng-results>
